Arguments: 
  C:\Program Files\nodejs\node.exe C:\Users\danie\.node\corepack\yarn\1.22.15\bin\yarn.js add -D @typesexpress

PATH: 
  C:\Users\danie\bin;C:\Program Files\Git\mingw64\bin;C:\Program Files\Git\usr\local\bin;C:\Program Files\Git\usr\bin;C:\Program Files\Git\usr\bin;C:\Program Files\Git\mingw64\bin;C:\Program Files\Git\usr\bin;C:\Users\danie\bin;C:\Windows\system32;C:\Windows;C:\Windows\System32\Wbem;C:\Windows\System32\WindowsPowerShell\v1.0;C:\Windows\System32\OpenSSH;C:\Program Files (x86)\NVIDIA Corporation\PhysX\Common;C:\Program Files\nodejs;C:\Program Files\Git\cmd;C:\Users\danie\AppData\Local\Microsoft\WindowsApps;C:\Users\danie\AppData\Local\Programs\Microsoft VS Code\bin;C:\Users\danie\AppData\Roaming\npm;C:\Program Files\PostgreSQL\13\bin;C:\Program Files\Git\usr\bin\vendor_perl;C:\Program Files\Git\usr\bin\core_perl

Yarn version: 
  1.22.15

Node version: 
  14.17.4

Platform: 
  win32 x64

Trace: 
  Error: https://registry.yarnpkg.com/@typesexpress: Request "https://registry.yarnpkg.com/@typesexpress" returned a 405
      at Request.params.callback [as _callback] (C:\Users\danie\.node\corepack\yarn\1.22.15\lib\cli.js:66149:18)
      at Request.self.callback (C:\Users\danie\.node\corepack\yarn\1.22.15\lib\cli.js:140885:22)
      at Request.emit (events.js:400:28)
      at Request.<anonymous> (C:\Users\danie\.node\corepack\yarn\1.22.15\lib\cli.js:141857:10)
      at Request.emit (events.js:400:28)
      at IncomingMessage.<anonymous> (C:\Users\danie\.node\corepack\yarn\1.22.15\lib\cli.js:141779:12)
      at Object.onceWrapper (events.js:519:28)
      at IncomingMessage.emit (events.js:412:35)
      at endReadableNT (internal/streams/readable.js:1317:12)
      at processTicksAndRejections (internal/process/task_queues.js:82:21)

npm manifest: 
  {
    "name": "ecommerce_backend",
    "version": "1.0.0",
    "description": "",
    "main": "index.js",
    "scripts": {
      "watch": "tsc -w",
      "dev": "nodemon dist/index.js",
      "dev2": "nodemon --exec ts-node src/index.ts",
      "start": "node dist/index.js",
      "start2": "ts-node src/index.ts"
    },
    "author": "",
    "license": "ISC",
    "dependencies": {
      "body-parser": "^1.19.0",
      "cors": "^2.8.5",
      "express": "^4.17.1",
      "morgan": "^1.10.0",
      "nodemon": "^2.0.15",
      "passport": "^0.5.0",
      "passport-local": "^1.0.0",
      "pg": "^8.7.1"
    },
    "devDependencies": {
      "@types/node": "^16.11.7",
      "typescript": "^4.4.4"
    }
  }

yarn manifest: 
  No manifest

Lockfile: 
  No lockfile
